This is pdfTeX, Version 3.141592653-2.6-1.40.24 (MiKTeX 22.8.28) (preloaded format=pdflatex 2022.12.25)  4 FEB 2024 23:54
entering extended mode
 restricted \write18 enabled.
 file:line:error style messages enabled.
 %&-line parsing enabled.
**c:/Users/User/Documents/GitHub/ThesisPresentation/thesis/main.tex
(c:/Users/User/Documents/GitHub/ThesisPresentation/thesis/main.tex
LaTeX2e <2022-06-01> patch level 5
L3 programming layer <2022-08-30>

! LaTeX Error: File `gatechthesis.cls' not found.

Type X to quit or <RETURN> to proceed,
or enter new name. (Default extension: cls)

Enter file name: 
c:/Users/User/Documents/GitHub/ThesisPresentation/thesis/main.tex:2: Emergency stop.
<read *> 
         
l.2 ^^M
       
*** (cannot \read from terminal in nonstop modes)

 
Here is how much of TeX's memory you used:
 26 strings out of 475389
 665 string characters out of 2777471
 340049 words of memory out of 3000000
 21500 multiletter control sequences out of 15000+600000
 469259 words of font info for 28 fonts, out of 8000000 for 9000
 1141 hyphenation exceptions out of 8191
 19i,0n,29p,131b,17s stack positions out of 10000i,1000n,20000p,200000b,80000s
c:/Users/User/Documents/GitHub/ThesisPresentation/thesis/main.tex:2:  ==> Fatal error occurred, no output PDF file produced!
